Base path: 'C:/Program Files/Unity/Hub/Editor/2020.1.3f1/Editor/Data', plugins path 'C:/Program Files/Unity/Hub/Editor/2020.1.3f1/Editor/Data/PlaybackEngines'
Cmd: initializeCompiler
Cmd: compileComputeKernel
  api=9 insize=18301 outsize=12413 ok=1
Cmd: compileComputeKernel
  api=9 insize=18301 outsize=4373 ok=1
Cmd: compileComputeKernel
  api=4 insize=12109 outsize=1583 ok=1
Cmd: compileComputeKernel
  api=4 insize=12109 outsize=1031 ok=1
Cmd: compileComputeKernel
  api=9 insize=12109 outsize=4664 ok=1
Cmd: compileComputeKernel
  api=9 insize=12109 outsize=2305 ok=1
Cmd: compileComputeKernel
  api=4 insize=72903 outsize=7892 ok=1
Cmd: compileComputeKernel
  api=9 insize=11985 outsize=3094 ok=1
Cmd: compileComputeKernel
  api=4 insize=34089 outsize=1391 ok=1
Cmd: compileComputeKernel
  api=4 insize=34089 outsize=1252 ok=1
Cmd: compileComputeKernel
  api=4 insize=34089 outsize=1406 ok=1
Cmd: compileComputeKernel
  api=4 insize=34089 outsize=1461 ok=1
Cmd: compileComputeKernel
  api=4 insize=34089 outsize=1262 ok=1
Cmd: compileComputeKernel
  api=4 insize=34089 outsize=815 ok=1
Cmd: compileComputeKernel
  api=4 insize=34089 outsize=800 ok=1
Cmd: compileComputeKernel
  api=4 insize=34089 outsize=763 ok=1
Cmd: compileComputeKernel
  api=4 insize=34089 outsize=684 ok=1
Cmd: compileComputeKernel
  api=9 insize=34089 outsize=2747 ok=1
Cmd: compileComputeKernel
  api=9 insize=34089 outsize=2778 ok=1
Cmd: compileComputeKernel
  api=9 insize=34089 outsize=2807 ok=1
Cmd: compileComputeKernel
  api=9 insize=34089 outsize=2972 ok=1
Cmd: compileComputeKernel
  api=9 insize=34089 outsize=1672 ok=1
Cmd: compileComputeKernel
  api=9 insize=34089 outsize=1577 ok=1
Cmd: compileComputeKernel
  api=9 insize=34089 outsize=1993 ok=1
Cmd: compileComputeKernel
  api=9 insize=34089 outsize=1459 ok=1
Cmd: compileComputeKernel
  api=4 insize=66874 outsize=925 ok=1
Cmd: compileComputeKernel
  api=4 insize=66874 outsize=3840 ok=1
Cmd: compileComputeKernel
  api=4 insize=66874 outsize=1345 ok=1
Cmd: compileComputeKernel
  api=4 insize=66874 outsize=1860 ok=1
Cmd: compileComputeKernel
  api=4 insize=66874 outsize=1827 ok=1
Cmd: compileComputeKernel
  api=4 insize=66874 outsize=1315 ok=1
Cmd: compileComputeKernel
  api=4 insize=66874 outsize=1686 ok=1
Cmd: compileComputeKernel
  api=4 insize=66874 outsize=1328 ok=1
Cmd: compileComputeKernel
  api=4 insize=66874 outsize=2081 ok=1
Cmd: compileComputeKernel
  api=4 insize=66874 outsize=10243 ok=1
Cmd: compileComputeKernel
  api=9 insize=66874 outsize=4115 ok=1
Cmd: compileComputeKernel
  api=9 insize=66874 outsize=3873 ok=1
Cmd: compileComputeKernel
  api=9 insize=66874 outsize=3829 ok=1
Cmd: compileComputeKernel
  api=9 insize=66874 outsize=3808 ok=1
Cmd: compileComputeKernel
  api=9 insize=66874 outsize=2740 ok=1
Cmd: compileComputeKernel
  api=9 insize=66874 outsize=3089 ok=1
Cmd: compileComputeKernel
  api=9 insize=66874 outsize=4051 ok=1
Cmd: compileComputeKernel
  api=9 insize=66874 outsize=6802 ok=1
Cmd: compileComputeKernel
  api=4 insize=79248 outsize=35634 ok=1
Cmd: compileComputeKernel
  api=4 insize=79248 outsize=6816 ok=1
Cmd: compileComputeKernel
  api=9 insize=79248 outsize=44833 ok=1

Quitting shader compiler process
