Base path: 'C:/Program Files/Unity/Hub/Editor/2020.1.3f1/Editor/Data', plugins path 'C:/Program Files/Unity/Hub/Editor/2020.1.3f1/Editor/Data/PlaybackEngines'
Cmd: initializeCompiler
Cmd: compileComputeKernel
  api=9 insize=18301 outsize=6951 ok=1
Cmd: compileComputeKernel
  api=9 insize=72903 outsize=25360 ok=1
Cmd: compileComputeKernel
  api=9 insize=11985 outsize=3131 ok=1
Cmd: compileComputeKernel
  api=9 insize=11985 outsize=3093 ok=1
Cmd: compileComputeKernel
  api=4 insize=34089 outsize=1373 ok=1
Cmd: compileComputeKernel
  api=4 insize=34089 outsize=1363 ok=1
Cmd: compileComputeKernel
  api=4 insize=34089 outsize=1528 ok=1
Cmd: compileComputeKernel
  api=4 insize=34089 outsize=1039 ok=1
Cmd: compileComputeKernel
  api=4 insize=34089 outsize=681 ok=1
Cmd: compileComputeKernel
  api=4 insize=34089 outsize=1009 ok=1
Cmd: compileComputeKernel
  api=4 insize=34089 outsize=774 ok=1
Cmd: compileComputeKernel
  api=9 insize=34089 outsize=3108 ok=1
Cmd: compileComputeKernel
  api=9 insize=34089 outsize=2730 ok=1
Cmd: compileComputeKernel
  api=9 insize=34089 outsize=2737 ok=1
Cmd: compileComputeKernel
  api=9 insize=34089 outsize=2780 ok=1
Cmd: compileComputeKernel
  api=9 insize=34089 outsize=1774 ok=1
Cmd: compileComputeKernel
  api=9 insize=34089 outsize=1923 ok=1
Cmd: compileComputeKernel
  api=9 insize=34089 outsize=1873 ok=1
Cmd: compileComputeKernel
  api=9 insize=34089 outsize=1542 ok=1
Cmd: compileComputeKernel
  api=4 insize=66874 outsize=1431 ok=1
Cmd: compileComputeKernel
  api=4 insize=66874 outsize=2182 ok=1
Cmd: compileComputeKernel
  api=4 insize=66874 outsize=2002 ok=1
Cmd: compileComputeKernel
  api=4 insize=66874 outsize=1855 ok=1
Cmd: compileComputeKernel
  api=4 insize=66874 outsize=1823 ok=1
Cmd: compileComputeKernel
  api=4 insize=66874 outsize=1551 ok=1
Cmd: compileComputeKernel
  api=4 insize=66874 outsize=1686 ok=1
Cmd: compileComputeKernel
  api=4 insize=66874 outsize=1328 ok=1
Cmd: compileComputeKernel
  api=4 insize=66874 outsize=2033 ok=1
Cmd: compileComputeKernel
  api=4 insize=66874 outsize=1638 ok=1
Cmd: compileComputeKernel
  api=4 insize=66874 outsize=1690 ok=1
Cmd: compileComputeKernel
  api=9 insize=66874 outsize=1939 ok=1
Cmd: compileComputeKernel
  api=9 insize=66874 outsize=3105 ok=1
Cmd: compileComputeKernel
  api=9 insize=66874 outsize=2659 ok=1
Cmd: compileComputeKernel
  api=9 insize=66874 outsize=4115 ok=1
Cmd: compileComputeKernel
  api=9 insize=66874 outsize=3833 ok=1
Cmd: compileComputeKernel
  api=9 insize=66874 outsize=3367 ok=1
Cmd: compileComputeKernel
  api=9 insize=66874 outsize=2950 ok=1
Cmd: compileComputeKernel
  api=9 insize=66874 outsize=2613 ok=1
Cmd: compileComputeKernel
  api=9 insize=66874 outsize=3356 ok=1
Cmd: compileComputeKernel
  api=9 insize=66874 outsize=3314 ok=1
Cmd: compileComputeKernel
  api=9 insize=66874 outsize=4664 ok=1
Cmd: compileComputeKernel
  api=9 insize=66874 outsize=3426 ok=1
Cmd: compileComputeKernel
  api=4 insize=79248 outsize=5363 ok=1
Cmd: compileComputeKernel
  api=9 insize=79248 outsize=24773 ok=1
Cmd: compileComputeKernel
  api=9 insize=79248 outsize=68801 ok=1
Cmd: compileComputeKernel
  api=9 insize=79248 outsize=5723 ok=1

Quitting shader compiler process
