Base path: 'C:/Program Files/Unity/Hub/Editor/2020.1.3f1/Editor/Data', plugins path 'C:/Program Files/Unity/Hub/Editor/2020.1.3f1/Editor/Data/PlaybackEngines'
Cmd: initializeCompiler
Cmd: compileComputeKernel
  api=9 insize=18301 outsize=6755 ok=1
Cmd: compileComputeKernel
  api=9 insize=12109 outsize=2595 ok=1
Cmd: compileComputeKernel
  api=4 insize=72903 outsize=5019 ok=1
Cmd: compileComputeKernel
  api=9 insize=72903 outsize=16692 ok=1
Cmd: compileComputeKernel
  api=4 insize=11985 outsize=1473 ok=1
Cmd: compileComputeKernel
  api=9 insize=11985 outsize=3137 ok=1
Cmd: compileComputeKernel
  api=9 insize=11985 outsize=3843 ok=1
Cmd: compileComputeKernel
  api=4 insize=34089 outsize=1635 ok=1
Cmd: compileComputeKernel
  api=4 insize=34089 outsize=1315 ok=1
Cmd: compileComputeKernel
  api=4 insize=34089 outsize=1310 ok=1
Cmd: compileComputeKernel
  api=4 insize=34089 outsize=1865 ok=1
Cmd: compileComputeKernel
  api=4 insize=34089 outsize=720 ok=1
Cmd: compileComputeKernel
  api=4 insize=34089 outsize=809 ok=1
Cmd: compileComputeKernel
  api=4 insize=34089 outsize=1161 ok=1
Cmd: compileComputeKernel
  api=4 insize=34089 outsize=776 ok=1
Cmd: compileComputeKernel
  api=9 insize=34089 outsize=2695 ok=1
Cmd: compileComputeKernel
  api=9 insize=34089 outsize=2847 ok=1
Cmd: compileComputeKernel
  api=9 insize=34089 outsize=2740 ok=1
Cmd: compileComputeKernel
  api=9 insize=34089 outsize=2655 ok=1
Cmd: compileComputeKernel
  api=9 insize=34089 outsize=1652 ok=1
Cmd: compileComputeKernel
  api=9 insize=34089 outsize=1789 ok=1
Cmd: compileComputeKernel
  api=9 insize=34089 outsize=1660 ok=1
Cmd: compileComputeKernel
  api=9 insize=34089 outsize=1449 ok=1
Cmd: compileComputeKernel
  api=4 insize=66874 outsize=1684 ok=1
Cmd: compileComputeKernel
  api=4 insize=66874 outsize=1305 ok=1
Cmd: compileComputeKernel
  api=4 insize=66874 outsize=1852 ok=1
Cmd: compileComputeKernel
  api=4 insize=66874 outsize=1823 ok=1
Cmd: compileComputeKernel
  api=4 insize=66874 outsize=1315 ok=1
Cmd: compileComputeKernel
  api=4 insize=66874 outsize=1387 ok=1
Cmd: compileComputeKernel
  api=4 insize=66874 outsize=1291 ok=1
Cmd: compileComputeKernel
  api=4 insize=66874 outsize=1411 ok=1
Cmd: compileComputeKernel
  api=4 insize=66874 outsize=1493 ok=1
Cmd: compileComputeKernel
  api=4 insize=66874 outsize=2854 ok=1
Cmd: compileComputeKernel
  api=9 insize=66874 outsize=2748 ok=1
Cmd: compileComputeKernel
  api=9 insize=66874 outsize=6499 ok=1
Cmd: compileComputeKernel
  api=9 insize=66874 outsize=2660 ok=1
Cmd: compileComputeKernel
  api=9 insize=66874 outsize=3879 ok=1
Cmd: compileComputeKernel
  api=9 insize=66874 outsize=3392 ok=1
Cmd: compileComputeKernel
  api=9 insize=66874 outsize=2652 ok=1
Cmd: compileComputeKernel
  api=9 insize=66874 outsize=2880 ok=1
Cmd: compileComputeKernel
  api=9 insize=66874 outsize=2740 ok=1
Cmd: compileComputeKernel
  api=9 insize=66874 outsize=3089 ok=1
Cmd: compileComputeKernel
  api=9 insize=66874 outsize=2661 ok=1
Cmd: compileComputeKernel
  api=9 insize=66874 outsize=2891 ok=1
Cmd: compileComputeKernel
  api=9 insize=66874 outsize=3212 ok=1
Cmd: compileComputeKernel
  api=4 insize=79248 outsize=1973 ok=1
Cmd: compileComputeKernel
  api=4 insize=79248 outsize=22146 ok=1
Cmd: compileComputeKernel
  api=4 insize=79248 outsize=2791 ok=1
Cmd: compileComputeKernel
  api=9 insize=79248 outsize=7845 ok=1
Cmd: compileComputeKernel
  api=9 insize=79248 outsize=28501 ok=1

Quitting shader compiler process
