Base path: 'C:/Program Files/Unity/Hub/Editor/2020.1.3f1/Editor/Data', plugins path 'C:/Program Files/Unity/Hub/Editor/2020.1.3f1/Editor/Data/PlaybackEngines'
Cmd: initializeCompiler
Cmd: compileComputeKernel
  api=4 insize=18301 outsize=2141 ok=1
Cmd: compileComputeKernel
  api=9 insize=18301 outsize=4135 ok=1
Cmd: compileComputeKernel
  api=4 insize=12109 outsize=1368 ok=1
Cmd: compileComputeKernel
  api=4 insize=12109 outsize=1844 ok=1
Cmd: compileComputeKernel
  api=4 insize=12109 outsize=1503 ok=1
Cmd: compileComputeKernel
  api=9 insize=12109 outsize=3062 ok=1
Cmd: compileComputeKernel
  api=9 insize=12109 outsize=2423 ok=1
Cmd: compileComputeKernel
  api=4 insize=72903 outsize=2760 ok=1
Cmd: compileComputeKernel
  api=9 insize=72903 outsize=15932 ok=1
Cmd: compileComputeKernel
  api=4 insize=34089 outsize=1233 ok=1
Cmd: compileComputeKernel
  api=4 insize=34089 outsize=773 ok=1
Cmd: compileComputeKernel
  api=4 insize=34089 outsize=852 ok=1
Cmd: compileComputeKernel
  api=4 insize=34089 outsize=715 ok=1
Cmd: compileComputeKernel
  api=4 insize=34089 outsize=678 ok=1
Cmd: compileComputeKernel
  api=9 insize=34089 outsize=3107 ok=1
Cmd: compileComputeKernel
  api=9 insize=34089 outsize=2653 ok=1
Cmd: compileComputeKernel
  api=9 insize=34089 outsize=2737 ok=1
Cmd: compileComputeKernel
  api=9 insize=34089 outsize=3806 ok=1
Cmd: compileComputeKernel
  api=9 insize=34089 outsize=1585 ok=1
Cmd: compileComputeKernel
  api=9 insize=34089 outsize=1647 ok=1
Cmd: compileComputeKernel
  api=9 insize=34089 outsize=2106 ok=1
Cmd: compileComputeKernel
  api=9 insize=34089 outsize=1456 ok=1
Cmd: compileComputeKernel
  api=4 insize=66874 outsize=2425 ok=1
Cmd: compileComputeKernel
  api=4 insize=66874 outsize=2030 ok=1
Cmd: compileComputeKernel
  api=4 insize=66874 outsize=2001 ok=1
Cmd: compileComputeKernel
  api=4 insize=66874 outsize=1823 ok=1
Cmd: compileComputeKernel
  api=4 insize=66874 outsize=1391 ok=1
Cmd: compileComputeKernel
  api=4 insize=66874 outsize=1363 ok=1
Cmd: compileComputeKernel
  api=4 insize=66874 outsize=1373 ok=1
Cmd: compileComputeKernel
  api=4 insize=66874 outsize=1614 ok=1
Cmd: compileComputeKernel
  api=4 insize=66874 outsize=1693 ok=1
Cmd: compileComputeKernel
  api=4 insize=66874 outsize=1583 ok=1
Cmd: compileComputeKernel
  api=4 insize=66874 outsize=2926 ok=1
Cmd: compileComputeKernel
  api=9 insize=66874 outsize=3676 ok=1
Cmd: compileComputeKernel
  api=9 insize=66874 outsize=5814 ok=1
Cmd: compileComputeKernel
  api=9 insize=66874 outsize=2660 ok=1
Cmd: compileComputeKernel
  api=9 insize=66874 outsize=3879 ok=1
Cmd: compileComputeKernel
  api=9 insize=66874 outsize=3829 ok=1
Cmd: compileComputeKernel
  api=9 insize=66874 outsize=2661 ok=1
Cmd: compileComputeKernel
  api=9 insize=66874 outsize=2722 ok=1
Cmd: compileComputeKernel
  api=9 insize=66874 outsize=3108 ok=1
Cmd: compileComputeKernel
  api=9 insize=66874 outsize=2609 ok=1
Cmd: compileComputeKernel
  api=9 insize=66874 outsize=4182 ok=1
Cmd: compileComputeKernel
  api=4 insize=79248 outsize=12240 ok=1
Cmd: compileComputeKernel
  api=4 insize=79248 outsize=9841 ok=1
Cmd: compileComputeKernel
  api=9 insize=79248 outsize=3903 ok=1
Cmd: compileComputeKernel
  api=9 insize=79248 outsize=8900 ok=1
Cmd: compileComputeKernel
  api=9 insize=79248 outsize=20736 ok=1

Quitting shader compiler process
