Base path: 'C:/Program Files/Unity/Hub/Editor/2020.1.3f1/Editor/Data', plugins path 'C:/Program Files/Unity/Hub/Editor/2020.1.3f1/Editor/Data/PlaybackEngines'
Cmd: initializeCompiler
Cmd: compileComputeKernel
  api=9 insize=18301 outsize=6901 ok=1
Cmd: compileComputeKernel
  api=4 insize=4442 outsize=1688 ok=1
Cmd: compileComputeKernel
  api=9 insize=4442 outsize=2827 ok=1
Cmd: compileComputeKernel
  api=4 insize=11985 outsize=1620 ok=1
Cmd: compileComputeKernel
  api=4 insize=11985 outsize=1506 ok=1
Cmd: compileComputeKernel
  api=4 insize=11985 outsize=1469 ok=1
Cmd: compileComputeKernel
  api=9 insize=11985 outsize=3133 ok=1
Cmd: compileComputeKernel
  api=9 insize=11985 outsize=3134 ok=1
Cmd: compileComputeKernel
  api=9 insize=11985 outsize=3090 ok=1
Cmd: compileComputeKernel
  api=4 insize=34089 outsize=1350 ok=1
Cmd: compileComputeKernel
  api=4 insize=34089 outsize=1315 ok=1
Cmd: compileComputeKernel
  api=4 insize=34089 outsize=1350 ok=1
Cmd: compileComputeKernel
  api=4 insize=34089 outsize=1302 ok=1
Cmd: compileComputeKernel
  api=4 insize=34089 outsize=858 ok=1
Cmd: compileComputeKernel
  api=4 insize=34089 outsize=1027 ok=1
Cmd: compileComputeKernel
  api=4 insize=34089 outsize=642 ok=1
Cmd: compileComputeKernel
  api=4 insize=34089 outsize=633 ok=1
Cmd: compileComputeKernel
  api=9 insize=34089 outsize=2742 ok=1
Cmd: compileComputeKernel
  api=9 insize=34089 outsize=2942 ok=1
Cmd: compileComputeKernel
  api=9 insize=34089 outsize=2950 ok=1
Cmd: compileComputeKernel
  api=9 insize=34089 outsize=2617 ok=1
Cmd: compileComputeKernel
  api=9 insize=34089 outsize=1542 ok=1
Cmd: compileComputeKernel
  api=9 insize=34089 outsize=1654 ok=1
Cmd: compileComputeKernel
  api=9 insize=34089 outsize=1546 ok=1
Cmd: compileComputeKernel
  api=9 insize=34089 outsize=1453 ok=1
Cmd: compileComputeKernel
  api=4 insize=66874 outsize=1754 ok=1
Cmd: compileComputeKernel
  api=4 insize=66874 outsize=1350 ok=1
Cmd: compileComputeKernel
  api=4 insize=66874 outsize=2001 ok=1
Cmd: compileComputeKernel
  api=4 insize=66874 outsize=1823 ok=1
Cmd: compileComputeKernel
  api=4 insize=66874 outsize=1368 ok=1
Cmd: compileComputeKernel
  api=4 insize=66874 outsize=1363 ok=1
Cmd: compileComputeKernel
  api=4 insize=66874 outsize=1314 ok=1
Cmd: compileComputeKernel
  api=4 insize=66874 outsize=3275 ok=1
Cmd: compileComputeKernel
  api=4 insize=66874 outsize=2638 ok=1
Cmd: compileComputeKernel
  api=9 insize=66874 outsize=2774 ok=1
Cmd: compileComputeKernel
  api=9 insize=66874 outsize=3583 ok=1
Cmd: compileComputeKernel
  api=9 insize=66874 outsize=2721 ok=1
Cmd: compileComputeKernel
  api=9 insize=66874 outsize=4115 ok=1
Cmd: compileComputeKernel
  api=9 insize=66874 outsize=4057 ok=1
Cmd: compileComputeKernel
  api=9 insize=66874 outsize=2653 ok=1
Cmd: compileComputeKernel
  api=9 insize=66874 outsize=2655 ok=1
Cmd: compileComputeKernel
  api=9 insize=66874 outsize=2655 ok=1
Cmd: compileComputeKernel
  api=9 insize=66874 outsize=2760 ok=1
Cmd: compileComputeKernel
  api=9 insize=66874 outsize=6832 ok=1
Cmd: compileComputeKernel
  api=4 insize=79248 outsize=3088 ok=1
Cmd: compileComputeKernel
  api=4 insize=79248 outsize=35782 ok=1
Cmd: compileComputeKernel
  api=4 insize=79248 outsize=10708 ok=1
Cmd: compileComputeKernel
  api=9 insize=79248 outsize=3786 ok=1
Cmd: compileComputeKernel
  api=9 insize=79248 outsize=70820 ok=1
Cmd: compileComputeKernel
  api=9 insize=79248 outsize=22134 ok=1

Quitting shader compiler process
