Base path: 'C:/Program Files/Unity/Hub/Editor/2020.1.3f1/Editor/Data', plugins path 'C:/Program Files/Unity/Hub/Editor/2020.1.3f1/Editor/Data/PlaybackEngines'
Cmd: initializeCompiler
Cmd: compileComputeKernel
  api=4 insize=18301 outsize=3067 ok=1
Cmd: compileComputeKernel
  api=9 insize=18301 outsize=7153 ok=1
Cmd: compileComputeKernel
  api=4 insize=12109 outsize=1584 ok=1
Cmd: compileComputeKernel
  api=4 insize=12109 outsize=1583 ok=1
Cmd: compileComputeKernel
  api=4 insize=12109 outsize=1562 ok=1
Cmd: compileComputeKernel
  api=9 insize=12109 outsize=3071 ok=1
Cmd: compileComputeKernel
  api=4 insize=72903 outsize=5745 ok=1
Cmd: compileComputeKernel
  api=4 insize=4442 outsize=1453 ok=1
Cmd: compileComputeKernel
  api=9 insize=4442 outsize=3105 ok=1
Cmd: compileComputeKernel
  api=4 insize=11985 outsize=1615 ok=1
Cmd: compileComputeKernel
  api=4 insize=11985 outsize=1624 ok=1
Cmd: compileComputeKernel
  api=4 insize=11985 outsize=1473 ok=1
Cmd: compileComputeKernel
  api=9 insize=11985 outsize=3137 ok=1
Cmd: compileComputeKernel
  api=9 insize=11985 outsize=3843 ok=1
Cmd: compileComputeKernel
  api=4 insize=34089 outsize=1310 ok=1
Cmd: compileComputeKernel
  api=4 insize=34089 outsize=1315 ok=1
Cmd: compileComputeKernel
  api=4 insize=34089 outsize=1344 ok=1
Cmd: compileComputeKernel
  api=4 insize=34089 outsize=1551 ok=1
Cmd: compileComputeKernel
  api=4 insize=34089 outsize=781 ok=1
Cmd: compileComputeKernel
  api=4 insize=34089 outsize=705 ok=1
Cmd: compileComputeKernel
  api=4 insize=34089 outsize=795 ok=1
Cmd: compileComputeKernel
  api=4 insize=34089 outsize=632 ok=1
Cmd: compileComputeKernel
  api=9 insize=34089 outsize=2747 ok=1
Cmd: compileComputeKernel
  api=9 insize=34089 outsize=2653 ok=1
Cmd: compileComputeKernel
  api=9 insize=34089 outsize=2854 ok=1
Cmd: compileComputeKernel
  api=9 insize=34089 outsize=2377 ok=1
Cmd: compileComputeKernel
  api=9 insize=34089 outsize=1790 ok=1
Cmd: compileComputeKernel
  api=9 insize=34089 outsize=1527 ok=1
Cmd: compileComputeKernel
  api=9 insize=34089 outsize=1847 ok=1
Cmd: compileComputeKernel
  api=9 insize=34089 outsize=1658 ok=1
Cmd: compileComputeKernel
  api=4 insize=66874 outsize=1386 ok=1
Cmd: compileComputeKernel
  api=4 insize=66874 outsize=1594 ok=1
Cmd: compileComputeKernel
  api=4 insize=66874 outsize=1398 ok=1
Cmd: compileComputeKernel
  api=4 insize=66874 outsize=1853 ok=1
Cmd: compileComputeKernel
  api=4 insize=66874 outsize=1823 ok=1
Cmd: compileComputeKernel
  api=4 insize=66874 outsize=1391 ok=1
Cmd: compileComputeKernel
  api=4 insize=66874 outsize=1469 ok=1
Cmd: compileComputeKernel
  api=4 insize=66874 outsize=1314 ok=1
Cmd: compileComputeKernel
  api=4 insize=66874 outsize=1601 ok=1
Cmd: compileComputeKernel
  api=4 insize=66874 outsize=1465 ok=1
Cmd: compileComputeKernel
  api=4 insize=66874 outsize=2635 ok=1
Cmd: compileComputeKernel
  api=9 insize=66874 outsize=1939 ok=1
Cmd: compileComputeKernel
  api=9 insize=66874 outsize=2833 ok=1
Cmd: compileComputeKernel
  api=9 insize=66874 outsize=2660 ok=1
Cmd: compileComputeKernel
  api=9 insize=66874 outsize=4116 ok=1
Cmd: compileComputeKernel
  api=9 insize=66874 outsize=3873 ok=1
Cmd: compileComputeKernel
  api=9 insize=66874 outsize=2613 ok=1
Cmd: compileComputeKernel
  api=9 insize=66874 outsize=2950 ok=1
Cmd: compileComputeKernel
  api=9 insize=66874 outsize=2609 ok=1
Cmd: compileComputeKernel
  api=9 insize=66874 outsize=2804 ok=1
Cmd: compileComputeKernel
  api=9 insize=66874 outsize=3314 ok=1
Cmd: compileComputeKernel
  api=9 insize=66874 outsize=3062 ok=1
Cmd: compileComputeKernel
  api=9 insize=66874 outsize=21704 ok=1
Cmd: compileComputeKernel
  api=4 insize=79248 outsize=27133 ok=1
Cmd: compileComputeKernel
  api=9 insize=79248 outsize=14110 ok=1

Quitting shader compiler process
