Base path: 'C:/Program Files/Unity/Hub/Editor/2020.1.3f1/Editor/Data', plugins path 'C:/Program Files/Unity/Hub/Editor/2020.1.3f1/Editor/Data/PlaybackEngines'
Cmd: initializeCompiler
Cmd: compileComputeKernel
  api=9 insize=18301 outsize=7007 ok=1
Cmd: compileComputeKernel
  api=9 insize=72903 outsize=9687 ok=1
Cmd: compileComputeKernel
  api=4 insize=4442 outsize=1594 ok=1
Cmd: compileComputeKernel
  api=4 insize=1900 outsize=3126 ok=1
Cmd: compileComputeKernel
  api=4 insize=11985 outsize=1503 ok=1
Cmd: compileComputeKernel
  api=4 insize=11985 outsize=1469 ok=1
Cmd: compileComputeKernel
  api=9 insize=11985 outsize=3352 ok=1
Cmd: compileComputeKernel
  api=9 insize=11985 outsize=3094 ok=1
Cmd: compileComputeKernel
  api=4 insize=34089 outsize=1368 ok=1
Cmd: compileComputeKernel
  api=4 insize=34089 outsize=1288 ok=1
Cmd: compileComputeKernel
  api=4 insize=34089 outsize=1469 ok=1
Cmd: compileComputeKernel
  api=4 insize=34089 outsize=1524 ok=1
Cmd: compileComputeKernel
  api=4 insize=34089 outsize=1296 ok=1
Cmd: compileComputeKernel
  api=4 insize=34089 outsize=678 ok=1
Cmd: compileComputeKernel
  api=4 insize=34089 outsize=859 ok=1
Cmd: compileComputeKernel
  api=4 insize=34089 outsize=699 ok=1
Cmd: compileComputeKernel
  api=4 insize=34089 outsize=776 ok=1
Cmd: compileComputeKernel
  api=9 insize=34089 outsize=2852 ok=1
Cmd: compileComputeKernel
  api=9 insize=34089 outsize=2652 ok=1
Cmd: compileComputeKernel
  api=9 insize=34089 outsize=3047 ok=1
Cmd: compileComputeKernel
  api=9 insize=34089 outsize=2746 ok=1
Cmd: compileComputeKernel
  api=9 insize=34089 outsize=1456 ok=1
Cmd: compileComputeKernel
  api=9 insize=34089 outsize=1677 ok=1
Cmd: compileComputeKernel
  api=9 insize=34089 outsize=1464 ok=1
Cmd: compileComputeKernel
  api=9 insize=34089 outsize=1540 ok=1
Cmd: compileComputeKernel
  api=4 insize=66874 outsize=1453 ok=1
Cmd: compileComputeKernel
  api=4 insize=66874 outsize=1345 ok=1
Cmd: compileComputeKernel
  api=4 insize=66874 outsize=1852 ok=1
Cmd: compileComputeKernel
  api=4 insize=66874 outsize=1823 ok=1
Cmd: compileComputeKernel
  api=4 insize=66874 outsize=1781 ok=1
Cmd: compileComputeKernel
  api=4 insize=66874 outsize=1387 ok=1
Cmd: compileComputeKernel
  api=4 insize=66874 outsize=1288 ok=1
Cmd: compileComputeKernel
  api=4 insize=66874 outsize=1499 ok=1
Cmd: compileComputeKernel
  api=4 insize=66874 outsize=1493 ok=1
Cmd: compileComputeKernel
  api=4 insize=66874 outsize=2799 ok=1
Cmd: compileComputeKernel
  api=9 insize=66874 outsize=3703 ok=1
Cmd: compileComputeKernel
  api=9 insize=66874 outsize=6860 ok=1
Cmd: compileComputeKernel
  api=9 insize=66874 outsize=2675 ok=1
Cmd: compileComputeKernel
  api=9 insize=66874 outsize=3876 ok=1
Cmd: compileComputeKernel
  api=9 insize=66874 outsize=3829 ok=1
Cmd: compileComputeKernel
  api=9 insize=66874 outsize=3829 ok=1
Cmd: compileComputeKernel
  api=9 insize=66874 outsize=2613 ok=1
Cmd: compileComputeKernel
  api=9 insize=66874 outsize=2655 ok=1
Cmd: compileComputeKernel
  api=9 insize=66874 outsize=3177 ok=1
Cmd: compileComputeKernel
  api=9 insize=66874 outsize=2611 ok=1
Cmd: compileComputeKernel
  api=9 insize=66874 outsize=3225 ok=1
Cmd: compileComputeKernel
  api=9 insize=66874 outsize=2895 ok=1
Cmd: compileComputeKernel
  api=9 insize=66874 outsize=6099 ok=1
Cmd: compileComputeKernel
  api=4 insize=79248 outsize=3088 ok=1
Cmd: compileComputeKernel
  api=4 insize=79248 outsize=35145 ok=1
Cmd: compileComputeKernel
  api=4 insize=79248 outsize=14208 ok=1
Cmd: compileComputeKernel
  api=9 insize=79248 outsize=56252 ok=1

Quitting shader compiler process
