Base path: 'C:/Program Files/Unity/Hub/Editor/2020.1.3f1/Editor/Data', plugins path 'C:/Program Files/Unity/Hub/Editor/2020.1.3f1/Editor/Data/PlaybackEngines'
Cmd: initializeCompiler
Cmd: compileComputeKernel
  api=4 insize=18301 outsize=2217 ok=1
Cmd: compileComputeKernel
  api=4 insize=12109 outsize=1975 ok=1
Cmd: compileComputeKernel
  api=4 insize=12109 outsize=1562 ok=1
Cmd: compileComputeKernel
  api=9 insize=12109 outsize=3879 ok=1
Cmd: compileComputeKernel
  api=9 insize=12109 outsize=3224 ok=1
Cmd: compileComputeKernel
  api=9 insize=72903 outsize=7016 ok=1
Cmd: compileComputeKernel
  api=4 insize=4442 outsize=1688 ok=1
Cmd: compileComputeKernel
  api=9 insize=4442 outsize=3581 ok=1
Cmd: compileComputeKernel
  api=4 insize=11985 outsize=1532 ok=1
Cmd: compileComputeKernel
  api=4 insize=11985 outsize=1506 ok=1
Cmd: compileComputeKernel
  api=4 insize=11985 outsize=1909 ok=1
Cmd: compileComputeKernel
  api=9 insize=11985 outsize=3171 ok=1
Cmd: compileComputeKernel
  api=9 insize=11985 outsize=3094 ok=1
Cmd: compileComputeKernel
  api=4 insize=34089 outsize=1328 ok=1
Cmd: compileComputeKernel
  api=4 insize=34089 outsize=1288 ok=1
Cmd: compileComputeKernel
  api=4 insize=34089 outsize=1446 ok=1
Cmd: compileComputeKernel
  api=4 insize=34089 outsize=1501 ok=1
Cmd: compileComputeKernel
  api=4 insize=34089 outsize=1273 ok=1
Cmd: compileComputeKernel
  api=4 insize=34089 outsize=626 ok=1
Cmd: compileComputeKernel
  api=4 insize=34089 outsize=781 ok=1
Cmd: compileComputeKernel
  api=4 insize=34089 outsize=686 ok=1
Cmd: compileComputeKernel
  api=4 insize=34089 outsize=681 ok=1
Cmd: compileComputeKernel
  api=9 insize=34089 outsize=2613 ok=1
Cmd: compileComputeKernel
  api=9 insize=34089 outsize=2880 ok=1
Cmd: compileComputeKernel
  api=9 insize=34089 outsize=2972 ok=1
Cmd: compileComputeKernel
  api=9 insize=34089 outsize=1719 ok=1
Cmd: compileComputeKernel
  api=9 insize=34089 outsize=1695 ok=1
Cmd: compileComputeKernel
  api=9 insize=34089 outsize=2015 ok=1
Cmd: compileComputeKernel
  api=9 insize=34089 outsize=1656 ok=1
Cmd: compileComputeKernel
  api=4 insize=66874 outsize=2481 ok=1
Cmd: compileComputeKernel
  api=4 insize=66874 outsize=1306 ok=1
Cmd: compileComputeKernel
  api=4 insize=66874 outsize=2002 ok=1
Cmd: compileComputeKernel
  api=4 insize=66874 outsize=1978 ok=1
Cmd: compileComputeKernel
  api=4 insize=66874 outsize=1823 ok=1
Cmd: compileComputeKernel
  api=4 insize=66874 outsize=1551 ok=1
Cmd: compileComputeKernel
  api=4 insize=66874 outsize=1635 ok=1
Cmd: compileComputeKernel
  api=4 insize=66874 outsize=1614 ok=1
Cmd: compileComputeKernel
  api=4 insize=66874 outsize=2045 ok=1
Cmd: compileComputeKernel
  api=4 insize=66874 outsize=2799 ok=1
Cmd: compileComputeKernel
  api=9 insize=66874 outsize=2747 ok=1
Cmd: compileComputeKernel
  api=9 insize=66874 outsize=2653 ok=1
Cmd: compileComputeKernel
  api=9 insize=66874 outsize=2613 ok=1
Cmd: compileComputeKernel
  api=9 insize=66874 outsize=6499 ok=1
Cmd: compileComputeKernel
  api=9 insize=66874 outsize=4691 ok=1
Cmd: compileComputeKernel
  api=4 insize=79248 outsize=12880 ok=1
Cmd: compileComputeKernel
  api=4 insize=79248 outsize=14584 ok=1
Cmd: compileComputeKernel
  api=9 insize=79248 outsize=3168 ok=1
Cmd: compileComputeKernel
  api=9 insize=79248 outsize=8933 ok=1
Cmd: compileComputeKernel
  api=9 insize=79248 outsize=51894 ok=1

Quitting shader compiler process
