Base path: 'C:/Program Files/Unity/Hub/Editor/2020.1.3f1/Editor/Data', plugins path 'C:/Program Files/Unity/Hub/Editor/2020.1.3f1/Editor/Data/PlaybackEngines'
Cmd: initializeCompiler
Cmd: compileComputeKernel
  api=4 insize=18301 outsize=2141 ok=1
Cmd: compileComputeKernel
  api=9 insize=18301 outsize=6865 ok=1
Cmd: compileComputeKernel
  api=4 insize=12109 outsize=1368 ok=1
Cmd: compileComputeKernel
  api=4 insize=12109 outsize=1935 ok=1
Cmd: compileComputeKernel
  api=4 insize=12109 outsize=1050 ok=1
Cmd: compileComputeKernel
  api=9 insize=12109 outsize=4913 ok=1
Cmd: compileComputeKernel
  api=9 insize=12109 outsize=2292 ok=1
Cmd: compileComputeKernel
  api=4 insize=72903 outsize=12704 ok=1
Cmd: compileComputeKernel
  api=9 insize=4442 outsize=3111 ok=1
Cmd: compileComputeKernel
  api=4 insize=11985 outsize=1532 ok=1
Cmd: compileComputeKernel
  api=4 insize=11985 outsize=1501 ok=1
Cmd: compileComputeKernel
  api=4 insize=11985 outsize=1469 ok=1
Cmd: compileComputeKernel
  api=9 insize=11985 outsize=3133 ok=1
Cmd: compileComputeKernel
  api=9 insize=11985 outsize=3314 ok=1
Cmd: compileComputeKernel
  api=9 insize=11985 outsize=3090 ok=1
Cmd: compileComputeKernel
  api=4 insize=34089 outsize=1225 ok=1
Cmd: compileComputeKernel
  api=4 insize=34089 outsize=1340 ok=1
Cmd: compileComputeKernel
  api=4 insize=34089 outsize=1373 ok=1
Cmd: compileComputeKernel
  api=4 insize=34089 outsize=1325 ok=1
Cmd: compileComputeKernel
  api=4 insize=34089 outsize=763 ok=1
Cmd: compileComputeKernel
  api=4 insize=34089 outsize=757 ok=1
Cmd: compileComputeKernel
  api=4 insize=34089 outsize=781 ok=1
Cmd: compileComputeKernel
  api=4 insize=34089 outsize=681 ok=1
Cmd: compileComputeKernel
  api=9 insize=34089 outsize=2731 ok=1
Cmd: compileComputeKernel
  api=9 insize=34089 outsize=2722 ok=1
Cmd: compileComputeKernel
  api=9 insize=34089 outsize=3000 ok=1
Cmd: compileComputeKernel
  api=9 insize=34089 outsize=2699 ok=1
Cmd: compileComputeKernel
  api=9 insize=34089 outsize=1656 ok=1
Cmd: compileComputeKernel
  api=9 insize=34089 outsize=1780 ok=1
Cmd: compileComputeKernel
  api=9 insize=34089 outsize=1580 ok=1
Cmd: compileComputeKernel
  api=9 insize=34089 outsize=1538 ok=1
Cmd: compileComputeKernel
  api=4 insize=66874 outsize=1754 ok=1
Cmd: compileComputeKernel
  api=4 insize=66874 outsize=1346 ok=1
Cmd: compileComputeKernel
  api=4 insize=66874 outsize=2002 ok=1
Cmd: compileComputeKernel
  api=4 insize=66874 outsize=1978 ok=1
Cmd: compileComputeKernel
  api=4 insize=66874 outsize=1584 ok=1
Cmd: compileComputeKernel
  api=4 insize=66874 outsize=1865 ok=1
Cmd: compileComputeKernel
  api=4 insize=66874 outsize=1635 ok=1
Cmd: compileComputeKernel
  api=4 insize=66874 outsize=3339 ok=1
Cmd: compileComputeKernel
  api=4 insize=66874 outsize=2486 ok=1
Cmd: compileComputeKernel
  api=4 insize=66874 outsize=1690 ok=1
Cmd: compileComputeKernel
  api=9 insize=66874 outsize=5048 ok=1
Cmd: compileComputeKernel
  api=9 insize=66874 outsize=4203 ok=1
Cmd: compileComputeKernel
  api=9 insize=66874 outsize=2674 ok=1
Cmd: compileComputeKernel
  api=9 insize=66874 outsize=3870 ok=1
Cmd: compileComputeKernel
  api=9 insize=66874 outsize=3829 ok=1
Cmd: compileComputeKernel
  api=9 insize=66874 outsize=3832 ok=1
Cmd: compileComputeKernel
  api=9 insize=66874 outsize=2972 ok=1
Cmd: compileComputeKernel
  api=9 insize=66874 outsize=3108 ok=1
Cmd: compileComputeKernel
  api=9 insize=66874 outsize=3266 ok=1
Cmd: compileComputeKernel
  api=9 insize=66874 outsize=2881 ok=1
Cmd: compileComputeKernel
  api=9 insize=66874 outsize=6135 ok=1
Cmd: compileComputeKernel
  api=4 insize=79248 outsize=4424 ok=1
Cmd: compileComputeKernel
  api=4 insize=79248 outsize=24353 ok=1

Quitting shader compiler process
