Base path: 'C:/Program Files/Unity/Hub/Editor/2020.1.3f1/Editor/Data', plugins path 'C:/Program Files/Unity/Hub/Editor/2020.1.3f1/Editor/Data/PlaybackEngines'
Cmd: initializeCompiler
Cmd: compileComputeKernel
  api=9 insize=18301 outsize=11496 ok=1
Cmd: compileComputeKernel
  api=4 insize=12109 outsize=1130 ok=1
Cmd: compileComputeKernel
  api=9 insize=12109 outsize=4525 ok=1
Cmd: compileComputeKernel
  api=9 insize=12109 outsize=2441 ok=1
Cmd: compileComputeKernel
  api=4 insize=72903 outsize=7772 ok=1
Cmd: compileComputeKernel
  api=4 insize=4442 outsize=1453 ok=1
Cmd: compileComputeKernel
  api=9 insize=4442 outsize=2833 ok=1
Cmd: compileComputeKernel
  api=4 insize=11985 outsize=1620 ok=1
Cmd: compileComputeKernel
  api=4 insize=11985 outsize=1499 ok=1
Cmd: compileComputeKernel
  api=4 insize=11985 outsize=1501 ok=1
Cmd: compileComputeKernel
  api=4 insize=11985 outsize=1469 ok=1
Cmd: compileComputeKernel
  api=9 insize=11985 outsize=3336 ok=1
Cmd: compileComputeKernel
  api=9 insize=11985 outsize=3094 ok=1
Cmd: compileComputeKernel
  api=4 insize=34089 outsize=1391 ok=1
Cmd: compileComputeKernel
  api=4 insize=34089 outsize=1292 ok=1
Cmd: compileComputeKernel
  api=4 insize=34089 outsize=1469 ok=1
Cmd: compileComputeKernel
  api=4 insize=34089 outsize=1524 ok=1
Cmd: compileComputeKernel
  api=4 insize=34089 outsize=1138 ok=1
Cmd: compileComputeKernel
  api=4 insize=34089 outsize=800 ok=1
Cmd: compileComputeKernel
  api=4 insize=34089 outsize=858 ok=1
Cmd: compileComputeKernel
  api=4 insize=34089 outsize=779 ok=1
Cmd: compileComputeKernel
  api=9 insize=34089 outsize=2825 ok=1
Cmd: compileComputeKernel
  api=9 insize=34089 outsize=2613 ok=1
Cmd: compileComputeKernel
  api=9 insize=34089 outsize=2880 ok=1
Cmd: compileComputeKernel
  api=9 insize=34089 outsize=3073 ok=1
Cmd: compileComputeKernel
  api=9 insize=34089 outsize=2241 ok=1
Cmd: compileComputeKernel
  api=9 insize=34089 outsize=1578 ok=1
Cmd: compileComputeKernel
  api=9 insize=34089 outsize=1657 ok=1
Cmd: compileComputeKernel
  api=9 insize=34089 outsize=1490 ok=1
Cmd: compileComputeKernel
  api=4 insize=66874 outsize=2595 ok=1
Cmd: compileComputeKernel
  api=4 insize=66874 outsize=1594 ok=1
Cmd: compileComputeKernel
  api=4 insize=66874 outsize=1305 ok=1
Cmd: compileComputeKernel
  api=4 insize=66874 outsize=1857 ok=1
Cmd: compileComputeKernel
  api=4 insize=66874 outsize=1823 ok=1
Cmd: compileComputeKernel
  api=4 insize=66874 outsize=1781 ok=1
Cmd: compileComputeKernel
  api=4 insize=66874 outsize=1325 ok=1
Cmd: compileComputeKernel
  api=4 insize=66874 outsize=1288 ok=1
Cmd: compileComputeKernel
  api=4 insize=66874 outsize=1671 ok=1
Cmd: compileComputeKernel
  api=4 insize=66874 outsize=1493 ok=1
Cmd: compileComputeKernel
  api=4 insize=66874 outsize=10971 ok=1
Cmd: compileComputeKernel
  api=9 insize=66874 outsize=3876 ok=1
Cmd: compileComputeKernel
  api=9 insize=66874 outsize=4594 ok=1
Cmd: compileComputeKernel
  api=9 insize=66874 outsize=2655 ok=1
Cmd: compileComputeKernel
  api=9 insize=66874 outsize=3367 ok=1
Cmd: compileComputeKernel
  api=9 insize=66874 outsize=2615 ok=1
Cmd: compileComputeKernel
  api=9 insize=66874 outsize=2914 ok=1
Cmd: compileComputeKernel
  api=9 insize=66874 outsize=2905 ok=1
Cmd: compileComputeKernel
  api=9 insize=66874 outsize=3071 ok=1
Cmd: compileComputeKernel
  api=4 insize=79248 outsize=3729 ok=1
Cmd: compileComputeKernel
  api=4 insize=79248 outsize=27518 ok=1
Cmd: compileComputeKernel
  api=9 insize=79248 outsize=19601 ok=1
Cmd: compileComputeKernel
  api=9 insize=79248 outsize=13196 ok=1

Quitting shader compiler process
