Base path: 'C:/Program Files/Unity/Hub/Editor/2020.1.3f1/Editor/Data', plugins path 'C:/Program Files/Unity/Hub/Editor/2020.1.3f1/Editor/Data/PlaybackEngines'
Cmd: initializeCompiler
Cmd: compileComputeKernel
  api=9 insize=18301 outsize=11955 ok=1
Cmd: compileComputeKernel
  api=4 insize=12109 outsize=2222 ok=1
Cmd: compileComputeKernel
  api=4 insize=12109 outsize=1202 ok=1
Cmd: compileComputeKernel
  api=9 insize=12109 outsize=2661 ok=1
Cmd: compileComputeKernel
  api=9 insize=12109 outsize=3933 ok=1
Cmd: compileComputeKernel
  api=9 insize=12109 outsize=3325 ok=1
Cmd: compileComputeKernel
  api=9 insize=72903 outsize=12444 ok=1
Cmd: compileComputeKernel
  api=9 insize=4442 outsize=3554 ok=1
Cmd: compileComputeKernel
  api=4 insize=11985 outsize=1615 ok=1
Cmd: compileComputeKernel
  api=4 insize=11985 outsize=1469 ok=1
Cmd: compileComputeKernel
  api=4 insize=11985 outsize=1469 ok=1
Cmd: compileComputeKernel
  api=9 insize=11985 outsize=3140 ok=1
Cmd: compileComputeKernel
  api=9 insize=11985 outsize=3090 ok=1
Cmd: compileComputeKernel
  api=4 insize=34089 outsize=1622 ok=1
Cmd: compileComputeKernel
  api=4 insize=34089 outsize=1315 ok=1
Cmd: compileComputeKernel
  api=4 insize=34089 outsize=1304 ok=1
Cmd: compileComputeKernel
  api=4 insize=34089 outsize=1551 ok=1
Cmd: compileComputeKernel
  api=4 insize=34089 outsize=841 ok=1
Cmd: compileComputeKernel
  api=4 insize=34089 outsize=848 ok=1
Cmd: compileComputeKernel
  api=4 insize=34089 outsize=1036 ok=1
Cmd: compileComputeKernel
  api=4 insize=34089 outsize=626 ok=1
Cmd: compileComputeKernel
  api=9 insize=34089 outsize=3108 ok=1
Cmd: compileComputeKernel
  api=9 insize=34089 outsize=2800 ok=1
Cmd: compileComputeKernel
  api=9 insize=34089 outsize=2740 ok=1
Cmd: compileComputeKernel
  api=9 insize=34089 outsize=2655 ok=1
Cmd: compileComputeKernel
  api=9 insize=34089 outsize=1723 ok=1
Cmd: compileComputeKernel
  api=9 insize=34089 outsize=1967 ok=1
Cmd: compileComputeKernel
  api=9 insize=34089 outsize=1531 ok=1
Cmd: compileComputeKernel
  api=9 insize=34089 outsize=1654 ok=1
Cmd: compileComputeKernel
  api=4 insize=66874 outsize=1684 ok=1
Cmd: compileComputeKernel
  api=4 insize=66874 outsize=1305 ok=1
Cmd: compileComputeKernel
  api=4 insize=66874 outsize=1853 ok=1
Cmd: compileComputeKernel
  api=4 insize=66874 outsize=2263 ok=1
Cmd: compileComputeKernel
  api=4 insize=66874 outsize=1288 ok=1
Cmd: compileComputeKernel
  api=4 insize=66874 outsize=1469 ok=1
Cmd: compileComputeKernel
  api=4 insize=66874 outsize=1289 ok=1
Cmd: compileComputeKernel
  api=4 insize=66874 outsize=1601 ok=1
Cmd: compileComputeKernel
  api=4 insize=66874 outsize=1693 ok=1
Cmd: compileComputeKernel
  api=4 insize=66874 outsize=1583 ok=1
Cmd: compileComputeKernel
  api=9 insize=66874 outsize=4548 ok=1
Cmd: compileComputeKernel
  api=9 insize=66874 outsize=3111 ok=1
Cmd: compileComputeKernel
  api=9 insize=66874 outsize=2776 ok=1
Cmd: compileComputeKernel
  api=9 insize=66874 outsize=3872 ok=1
Cmd: compileComputeKernel
  api=9 insize=66874 outsize=3833 ok=1
Cmd: compileComputeKernel
  api=9 insize=66874 outsize=2880 ok=1
Cmd: compileComputeKernel
  api=9 insize=66874 outsize=2626 ok=1
Cmd: compileComputeKernel
  api=9 insize=66874 outsize=3356 ok=1
Cmd: compileComputeKernel
  api=9 insize=66874 outsize=4044 ok=1
Cmd: compileComputeKernel
  api=9 insize=66874 outsize=3220 ok=1
Cmd: compileComputeKernel
  api=9 insize=66874 outsize=5588 ok=1
Cmd: compileComputeKernel
  api=4 insize=79248 outsize=3729 ok=1
Cmd: compileComputeKernel
  api=4 insize=79248 outsize=12424 ok=1
Cmd: compileComputeKernel
  api=9 insize=79248 outsize=7854 ok=1
Cmd: compileComputeKernel
  api=9 insize=79248 outsize=46400 ok=1
Cmd: compileComputeKernel
  api=9 insize=79248 outsize=23615 ok=1

Quitting shader compiler process
